<?xml version="1.0" encoding="UTF-8"?>
<!-- Generated by org.testng.reporters.JUnitReportReporter -->
<testsuite hostname="DESKTOP-O0LMUNP" failures="0" tests="1" name="com.vyasasti.DemoMavenProject.NewTest" time="0.004" errors="0" timestamp="2022-08-17T17:13:25 IST" skipped="0">
  <testcase classname="com.vyasasti.DemoMavenProject.NewTest" name="f" time="0.004"/>
  <system-out/>
</testsuite> <!-- com.vyasasti.DemoMavenProject.NewTest -->
