<?xml version="1.0" encoding="UTF-8"?>
<!-- Generated by org.testng.reporters.JUnitReportReporter -->
<testsuite hostname="DESKTOP-O0LMUNP" failures="0" tests="4" name="com.vyasasti.DemoMavenProject.DemoTest" time="8.440" errors="0" timestamp="2022-08-19T15:53:57 IST" skipped="0">
  <testcase classname="com.vyasasti.DemoMavenProject.DemoTest" name="OpenBrowser" time="7.976"/>
  <system-out/>
  <testcase classname="com.vyasasti.DemoMavenProject.DemoTest" name="VerifiyTitleOfHomepage" time="0.035"/>
  <system-out/>
  <testcase classname="com.vyasasti.DemoMavenProject.DemoTest" name="VerifyNewArrivalDisplayed" time="0.096"/>
  <system-out/>
  <testcase classname="com.vyasasti.DemoMavenProject.DemoTest" name="ClosedBrowser" time="0.333"/>
  <system-out/>
</testsuite> <!-- com.vyasasti.DemoMavenProject.DemoTest -->
