<?xml version="1.0" encoding="UTF-8"?>
<!-- Generated by org.testng.reporters.JUnitReportReporter -->
<testsuite hostname="DESKTOP-O0LMUNP" failures="0" tests="4" name="com.vyasasti.DemoMavenProject.HomePageAutomation" time="7.011" errors="0" timestamp="2022-08-19T15:53:57 IST" skipped="0">
  <testcase classname="com.vyasasti.DemoMavenProject.HomePageAutomation" name="OpenBrowser" time="6.650"/>
  <system-out/>
  <testcase classname="com.vyasasti.DemoMavenProject.HomePageAutomation" name="VerifiyTitleOfHomepage" time="0.066"/>
  <system-out/>
  <testcase classname="com.vyasasti.DemoMavenProject.HomePageAutomation" name="VerifyNewArrivalDisplayed" time="0.051"/>
  <system-out/>
  <testcase classname="com.vyasasti.DemoMavenProject.HomePageAutomation" name="ClosedBrowser" time="0.244"/>
  <system-out/>
</testsuite> <!-- com.vyasasti.DemoMavenProject.HomePageAutomation -->
